<?xml version="1.0" encoding="UTF-8"?>
<!-- Generated by org.testng.reporters.JUnitReportReporter -->
<testsuite hostname="ALLen-PC" name="test.oms.member.MemberAddPostTest" tests="1" failures="0" timestamp="13 Aug 2019 02:21:46 GMT" time="3.308" errors="0">
  <testcase name="memberAddPostTest" time="3.308" classname="test.oms.member.MemberAddPostTest"/>
</testsuite> <!-- test.oms.member.MemberAddPostTest -->
