<?xml version="1.0" encoding="UTF-8"?>
<!-- Generated by org.testng.reporters.JUnitReportReporter -->
<testsuite hostname="ALLen-PC" name="test.trade.submit.GetZBDirectlyMiniShopCartGetTest" tests="1" failures="0" timestamp="5 Aug 2019 12:35:30 GMT" time="3.370" errors="0">
  <testcase name="getZBDirectlyMiniShopCart" time="3.370" classname="test.trade.submit.GetZBDirectlyMiniShopCartGetTest"/>
</testsuite> <!-- test.trade.submit.GetZBDirectlyMiniShopCartGetTest -->
