<?xml version="1.0" encoding="UTF-8"?>
<!-- Generated by org.testng.reporters.JUnitReportReporter -->
<testsuite hostname="ALLen-PC" name="test.trade.itemDetails.RecommendDatalistPostTest" tests="1" failures="0" timestamp="5 Aug 2019 12:35:30 GMT" time="3.371" errors="0">
  <testcase name="recommendDatalist" time="3.371" classname="test.trade.itemDetails.RecommendDatalistPostTest"/>
</testsuite> <!-- test.trade.itemDetails.RecommendDatalistPostTest -->
