<?xml version="1.0" encoding="UTF-8"?>
<!-- Generated by org.testng.reporters.JUnitReportReporter -->
<testsuite hostname="ALLen-PC" name="test.trade.itemDetails.RecommendDatalistPostTest" tests="1" failures="0" timestamp="2 Aug 2019 08:49:23 GMT" time="2.456" errors="0">
  <testcase name="recommendDatalist" time="2.456" classname="test.trade.itemDetails.RecommendDatalistPostTest"/>
</testsuite> <!-- test.trade.itemDetails.RecommendDatalistPostTest -->
