<?xml version="1.0" encoding="UTF-8"?>
<!-- Generated by org.testng.reporters.JUnitReportReporter -->
<testsuite hostname="ALLen-PC" name="test.trade.itemDetails.RecommendDatalistPostTest" tests="1" failures="0" timestamp="2 Aug 2019 04:06:18 GMT" time="3.616" errors="0">
  <testcase name="recommendDatalist" time="3.616" classname="test.trade.itemDetails.RecommendDatalistPostTest"/>
</testsuite> <!-- test.trade.itemDetails.RecommendDatalistPostTest -->
