<?xml version="1.0" encoding="UTF-8"?>
<!-- Generated by org.testng.reporters.JUnitReportReporter -->
<testsuite hostname="ALLen-PC" name="test.trade.submit.GetZBDirectlyMiniShopCartGetTest" tests="1" failures="0" timestamp="2 Aug 2019 08:49:23 GMT" time="2.780" errors="0">
  <testcase name="getZBDirectlyMiniShopCart" time="2.780" classname="test.trade.submit.GetZBDirectlyMiniShopCartGetTest"/>
</testsuite> <!-- test.trade.submit.GetZBDirectlyMiniShopCartGetTest -->
