<?xml version="1.0" encoding="UTF-8"?>
<testsuite xmlns:xsi="http://www.w3.org/2001/XMLSchema-instance" xsi:noNamespaceSchemaLocation="https://maven.apache.org/surefire/maven-surefire-plugin/xsd/surefire-test-report.xsd" name="TestSuite" time="8.977" tests="2" errors="0" skipped="0" failures="1">
  <properties>
    <property name="sun.desktop" value="windows"/>
    <property name="awt.toolkit" value="sun.awt.windows.WToolkit"/>
    <property name="file.encoding.pkg" value="sun.io"/>
    <property name="java.specification.version" value="1.8"/>
    <property name="sun.cpu.isalist" value="amd64"/>
    <property name="sun.jnu.encoding" value="GBK"/>
    <property name="java.class.path" value="E:\GitHub\hmd\api_web_core\target\test-classes;E:\GitHub\hmd\api_web_core\target\classes;C:\Users\ALLen\.m2\repository\com\google\inject\guice\3.0\guice-3.0.jar;C:\Users\ALLen\.m2\repository\javax\inject\javax.inject\1\javax.inject-1.jar;C:\Users\ALLen\.m2\repository\aopalliance\aopalliance\1.0\aopalliance-1.0.jar;C:\Users\ALLen\.m2\repository\com\squareup\okhttp3\okhttp\3.3.0\okhttp-3.3.0.jar;C:\Users\ALLen\.m2\repository\com\squareup\okio\okio\1.8.0\okio-1.8.0.jar;C:\Users\ALLen\.m2\repository\org\testng\testng\6.8\testng-6.8.jar;C:\Users\ALLen\.m2\repository\junit\junit\4.10\junit-4.10.jar;C:\Users\ALLen\.m2\repository\org\hamcrest\hamcrest-core\1.1\hamcrest-core-1.1.jar;C:\Users\ALLen\.m2\repository\org\beanshell\bsh\2.0b4\bsh-2.0b4.jar;C:\Users\ALLen\.m2\repository\com\beust\jcommander\1.27\jcommander-1.27.jar;C:\Users\ALLen\.m2\repository\org\yaml\snakeyaml\1.6\snakeyaml-1.6.jar;C:\Users\ALLen\.m2\repository\io\appium\java-client\4.1.2\java-client-4.1.2.jar;C:\Users\ALLen\.m2\repository\org\seleniumhq\selenium\selenium-java\2.53.1\selenium-java-2.53.1.jar;C:\Users\ALLen\.m2\repository\org\seleniumhq\selenium\selenium-chrome-driver\2.53.1\selenium-chrome-driver-2.53.1.jar;C:\Users\ALLen\.m2\repository\org\seleniumhq\selenium\selenium-remote-driver\2.53.1\selenium-remote-driver-2.53.1.jar;C:\Users\ALLen\.m2\repository\org\seleniumhq\selenium\selenium-api\2.53.1\selenium-api-2.53.1.jar;C:\Users\ALLen\.m2\repository\org\seleniumhq\selenium\selenium-edge-driver\2.53.1\selenium-edge-driver-2.53.1.jar;C:\Users\ALLen\.m2\repository\commons-io\commons-io\2.4\commons-io-2.4.jar;C:\Users\ALLen\.m2\repository\org\apache\commons\commons-exec\1.3\commons-exec-1.3.jar;C:\Users\ALLen\.m2\repository\org\seleniumhq\selenium\htmlunit-driver\2.21\htmlunit-driver-2.21.jar;C:\Users\ALLen\.m2\repository\net\sourceforge\htmlunit\htmlunit\2.21\htmlunit-2.21.jar;C:\Users\ALLen\.m2\repository\xalan\xalan\2.7.2\xalan-2.7.2.jar;C:\Users\ALLen\.m2\repository\xalan\serializer\2.7.2\serializer-2.7.2.jar;C:\Users\ALLen\.m2\repository\org\apache\httpcomponents\httpmime\4.5.2\httpmime-4.5.2.jar;C:\Users\ALLen\.m2\repository\net\sourceforge\htmlunit\htmlunit-core-js\2.17\htmlunit-core-js-2.17.jar;C:\Users\ALLen\.m2\repository\net\sourceforge\htmlunit\neko-htmlunit\2.21\neko-htmlunit-2.21.jar;C:\Users\ALLen\.m2\repository\xerces\xercesImpl\2.11.0\xercesImpl-2.11.0.jar;C:\Users\ALLen\.m2\repository\xml-apis\xml-apis\1.4.01\xml-apis-1.4.01.jar;C:\Users\ALLen\.m2\repository\net\sourceforge\cssparser\cssparser\0.9.18\cssparser-0.9.18.jar;C:\Users\ALLen\.m2\repository\org\w3c\css\sac\1.3\sac-1.3.jar;C:\Users\ALLen\.m2\repository\org\eclipse\jetty\websocket\websocket-client\9.2.15.v20160210\websocket-client-9.2.15.v20160210.jar;C:\Users\ALLen\.m2\repository\org\eclipse\jetty\jetty-util\9.2.15.v20160210\jetty-util-9.2.15.v20160210.jar;C:\Users\ALLen\.m2\repository\org\eclipse\jetty\jetty-io\9.2.15.v20160210\jetty-io-9.2.15.v20160210.jar;C:\Users\ALLen\.m2\repository\org\eclipse\jetty\websocket\websocket-common\9.2.15.v20160210\websocket-common-9.2.15.v20160210.jar;C:\Users\ALLen\.m2\repository\org\eclipse\jetty\websocket\websocket-api\9.2.15.v20160210\websocket-api-9.2.15.v20160210.jar;C:\Users\ALLen\.m2\repository\org\seleniumhq\selenium\selenium-firefox-driver\2.53.1\selenium-firefox-driver-2.53.1.jar;C:\Users\ALLen\.m2\repository\org\seleniumhq\selenium\selenium-ie-driver\2.53.1\selenium-ie-driver-2.53.1.jar;C:\Users\ALLen\.m2\repository\net\java\dev\jna\jna\4.1.0\jna-4.1.0.jar;C:\Users\ALLen\.m2\repository\net\java\dev\jna\jna-platform\4.1.0\jna-platform-4.1.0.jar;C:\Users\ALLen\.m2\repository\org\seleniumhq\selenium\selenium-safari-driver\2.53.1\selenium-safari-driver-2.53.1.jar;C:\Users\ALLen\.m2\repository\io\netty\netty\3.5.7.Final\netty-3.5.7.Final.jar;C:\Users\ALLen\.m2\repository\org\seleniumhq\selenium\selenium-support\2.53.1\selenium-support-2.53.1.jar;C:\Users\ALLen\.m2\repository\org\seleniumhq\selenium\selenium-leg-rc\2.53.1\selenium-leg-rc-2.53.1.jar;C:\Users\ALLen\.m2\repository\com\google\code\gson\gson\2.7\gson-2.7.jar;C:\Users\ALLen\.m2\repository\org\apache\httpcomponents\httpclient\4.5.2\httpclient-4.5.2.jar;C:\Users\ALLen\.m2\repository\org\apache\httpcomponents\httpcore\4.4.4\httpcore-4.4.4.jar;C:\Users\ALLen\.m2\repository\commons-codec\commons-codec\1.9\commons-codec-1.9.jar;C:\Users\ALLen\.m2\repository\com\google\guava\guava\19.0\guava-19.0.jar;C:\Users\ALLen\.m2\repository\commons-validator\commons-validator\1.5.1\commons-validator-1.5.1.jar;C:\Users\ALLen\.m2\repository\commons-beanutils\commons-beanutils\1.9.2\commons-beanutils-1.9.2.jar;C:\Users\ALLen\.m2\repository\commons-digester\commons-digester\1.8.1\commons-digester-1.8.1.jar;C:\Users\ALLen\.m2\repository\commons-collections\commons-collections\3.2.2\commons-collections-3.2.2.jar;C:\Users\ALLen\.m2\repository\org\apache\commons\commons-lang3\3.4\commons-lang3-3.4.jar;C:\Users\ALLen\.m2\repository\cglib\cglib-nodep\3.2.4\cglib-nodep-3.2.4.jar;C:\Users\ALLen\.m2\repository\org\aspectj\aspectjweaver\1.8.9\aspectjweaver-1.8.9.jar;C:\Users\ALLen\.m2\repository\org\springframework\spring\2.5.6\spring-2.5.6.jar;C:\Users\ALLen\.m2\repository\commons-logging\commons-logging\1.1.1\commons-logging-1.1.1.jar;C:\Users\ALLen\.m2\repository\org\springframework\spring-web\2.5.6\spring-web-2.5.6.jar;C:\Users\ALLen\.m2\repository\org\springframework\spring-beans\2.5.6\spring-beans-2.5.6.jar;C:\Users\ALLen\.m2\repository\org\springframework\spring-webmvc\2.5.6\spring-webmvc-2.5.6.jar;C:\Users\ALLen\.m2\repository\org\springframework\spring-test\2.5.6\spring-test-2.5.6.jar;C:\Users\ALLen\.m2\repository\org\springframework\spring-core\2.5.6\spring-core-2.5.6.jar;C:\Users\ALLen\.m2\repository\org\springframework\spring-aspects\2.5.6\spring-aspects-2.5.6.jar;C:\Users\ALLen\.m2\repository\org\aspectj\aspectjrt\1.6.1\aspectjrt-1.6.1.jar;C:\Users\ALLen\.m2\repository\org\springframework\spring-context\2.5.6\spring-context-2.5.6.jar;C:\Users\ALLen\.m2\repository\org\springframework\spring-context-support\2.5.6\spring-context-support-2.5.6.jar;C:\Users\ALLen\.m2\repository\org\springframework\spring-jdbc\2.5.6\spring-jdbc-2.5.6.jar;C:\Users\ALLen\.m2\repository\org\springframework\spring-jms\2.5.6\spring-jms-2.5.6.jar;C:\Users\ALLen\.m2\repository\commons-pool\commons-pool\1.3\commons-pool-1.3.jar;C:\Users\ALLen\.m2\repository\org\springframework\spring-orm\2.5.6\spring-orm-2.5.6.jar;C:\Users\ALLen\.m2\repository\org\springframework\spring-tx\2.5.6\spring-tx-2.5.6.jar;C:\Users\ALLen\.m2\repository\org\apache\ant\ant\1.9.4\ant-1.9.4.jar;C:\Users\ALLen\.m2\repository\org\apache\ant\ant-launcher\1.9.4\ant-launcher-1.9.4.jar;C:\Users\ALLen\.m2\repository\javax\mail\mail\1.4.1\mail-1.4.1.jar;C:\Users\ALLen\.m2\repository\javax\activation\activation\1.1\activation-1.1.jar;C:\Users\ALLen\.m2\repository\org\slf4j\slf4j-log4j12\1.7.2\slf4j-log4j12-1.7.2.jar;C:\Users\ALLen\.m2\repository\org\slf4j\slf4j-api\1.7.2\slf4j-api-1.7.2.jar;C:\Users\ALLen\.m2\repository\log4j\log4j\1.2.17\log4j-1.2.17.jar;C:\Users\ALLen\.m2\repository\mysql\mysql-connector-java\5.1.21\mysql-connector-java-5.1.21.jar;C:\Users\ALLen\.m2\repository\org\mybatis\mybatis\3.1.1\mybatis-3.1.1.jar;C:\Users\ALLen\.m2\repository\c3p0\c3p0\0.9.1.2\c3p0-0.9.1.2.jar;C:\Users\ALLen\.m2\repository\org\uncommons\reportng\1.1.4\reportng-1.1.4.jar;C:\Users\ALLen\.m2\repository\velocity\velocity\1.4\velocity-1.4.jar;C:\Users\ALLen\.m2\repository\velocity\velocity-dep\1.4\velocity-dep-1.4.jar;C:\Users\ALLen\.m2\repository\com\alibaba\fastjson\1.2.9\fastjson-1.2.9.jar;C:\Users\ALLen\.m2\repository\net\sourceforge\jexcelapi\jxl\2.6.12\jxl-2.6.12.jar;C:\Users\ALLen\.m2\repository\org\apache\maven\surefire\surefire-testng-utils\2.20.1\surefire-testng-utils-2.20.1.jar;C:\Users\ALLen\.m2\repository\org\apache\maven\surefire\surefire-grouper\2.20.1\surefire-grouper-2.20.1.jar;"/>
    <property name="java.vm.vendor" value="Oracle Corporation"/>
    <property name="sun.arch.data.model" value="64"/>
    <property name="user.variant" value=""/>
    <property name="java.vendor.url" value="http://java.oracle.com/"/>
    <property name="user.timezone" value=""/>
    <property name="java.vm.specification.version" value="1.8"/>
    <property name="os.name" value="Windows 7"/>
    <property name="user.country" value="CN"/>
    <property name="sun.java.launcher" value="SUN_STANDARD"/>
    <property name="sun.boot.library.path" value="D:\Program Files\Java\jdk1.8.0_101\jre\bin"/>
    <property name="sun.java.command" value="C:\Users\ALLen\AppData\Local\Temp\surefire271183564295446555\surefirebooter2179581197045079872.jar C:\Users\ALLen\AppData\Local\Temp\surefire271183564295446555 2019-08-05T17-25-14_920-jvmRun1 surefire2982088912969653316tmp surefire_08355477441884907080tmp"/>
    <property name="surefire.test.class.path" value="E:\GitHub\hmd\api_web_core\target\test-classes;E:\GitHub\hmd\api_web_core\target\classes;C:\Users\ALLen\.m2\repository\com\google\inject\guice\3.0\guice-3.0.jar;C:\Users\ALLen\.m2\repository\javax\inject\javax.inject\1\javax.inject-1.jar;C:\Users\ALLen\.m2\repository\aopalliance\aopalliance\1.0\aopalliance-1.0.jar;C:\Users\ALLen\.m2\repository\com\squareup\okhttp3\okhttp\3.3.0\okhttp-3.3.0.jar;C:\Users\ALLen\.m2\repository\com\squareup\okio\okio\1.8.0\okio-1.8.0.jar;C:\Users\ALLen\.m2\repository\org\testng\testng\6.8\testng-6.8.jar;C:\Users\ALLen\.m2\repository\junit\junit\4.10\junit-4.10.jar;C:\Users\ALLen\.m2\repository\org\hamcrest\hamcrest-core\1.1\hamcrest-core-1.1.jar;C:\Users\ALLen\.m2\repository\org\beanshell\bsh\2.0b4\bsh-2.0b4.jar;C:\Users\ALLen\.m2\repository\com\beust\jcommander\1.27\jcommander-1.27.jar;C:\Users\ALLen\.m2\repository\org\yaml\snakeyaml\1.6\snakeyaml-1.6.jar;C:\Users\ALLen\.m2\repository\io\appium\java-client\4.1.2\java-client-4.1.2.jar;C:\Users\ALLen\.m2\repository\org\seleniumhq\selenium\selenium-java\2.53.1\selenium-java-2.53.1.jar;C:\Users\ALLen\.m2\repository\org\seleniumhq\selenium\selenium-chrome-driver\2.53.1\selenium-chrome-driver-2.53.1.jar;C:\Users\ALLen\.m2\repository\org\seleniumhq\selenium\selenium-remote-driver\2.53.1\selenium-remote-driver-2.53.1.jar;C:\Users\ALLen\.m2\repository\org\seleniumhq\selenium\selenium-api\2.53.1\selenium-api-2.53.1.jar;C:\Users\ALLen\.m2\repository\org\seleniumhq\selenium\selenium-edge-driver\2.53.1\selenium-edge-driver-2.53.1.jar;C:\Users\ALLen\.m2\repository\commons-io\commons-io\2.4\commons-io-2.4.jar;C:\Users\ALLen\.m2\repository\org\apache\commons\commons-exec\1.3\commons-exec-1.3.jar;C:\Users\ALLen\.m2\repository\org\seleniumhq\selenium\htmlunit-driver\2.21\htmlunit-driver-2.21.jar;C:\Users\ALLen\.m2\repository\net\sourceforge\htmlunit\htmlunit\2.21\htmlunit-2.21.jar;C:\Users\ALLen\.m2\repository\xalan\xalan\2.7.2\xalan-2.7.2.jar;C:\Users\ALLen\.m2\repository\xalan\serializer\2.7.2\serializer-2.7.2.jar;C:\Users\ALLen\.m2\repository\org\apache\httpcomponents\httpmime\4.5.2\httpmime-4.5.2.jar;C:\Users\ALLen\.m2\repository\net\sourceforge\htmlunit\htmlunit-core-js\2.17\htmlunit-core-js-2.17.jar;C:\Users\ALLen\.m2\repository\net\sourceforge\htmlunit\neko-htmlunit\2.21\neko-htmlunit-2.21.jar;C:\Users\ALLen\.m2\repository\xerces\xercesImpl\2.11.0\xercesImpl-2.11.0.jar;C:\Users\ALLen\.m2\repository\xml-apis\xml-apis\1.4.01\xml-apis-1.4.01.jar;C:\Users\ALLen\.m2\repository\net\sourceforge\cssparser\cssparser\0.9.18\cssparser-0.9.18.jar;C:\Users\ALLen\.m2\repository\org\w3c\css\sac\1.3\sac-1.3.jar;C:\Users\ALLen\.m2\repository\org\eclipse\jetty\websocket\websocket-client\9.2.15.v20160210\websocket-client-9.2.15.v20160210.jar;C:\Users\ALLen\.m2\repository\org\eclipse\jetty\jetty-util\9.2.15.v20160210\jetty-util-9.2.15.v20160210.jar;C:\Users\ALLen\.m2\repository\org\eclipse\jetty\jetty-io\9.2.15.v20160210\jetty-io-9.2.15.v20160210.jar;C:\Users\ALLen\.m2\repository\org\eclipse\jetty\websocket\websocket-common\9.2.15.v20160210\websocket-common-9.2.15.v20160210.jar;C:\Users\ALLen\.m2\repository\org\eclipse\jetty\websocket\websocket-api\9.2.15.v20160210\websocket-api-9.2.15.v20160210.jar;C:\Users\ALLen\.m2\repository\org\seleniumhq\selenium\selenium-firefox-driver\2.53.1\selenium-firefox-driver-2.53.1.jar;C:\Users\ALLen\.m2\repository\org\seleniumhq\selenium\selenium-ie-driver\2.53.1\selenium-ie-driver-2.53.1.jar;C:\Users\ALLen\.m2\repository\net\java\dev\jna\jna\4.1.0\jna-4.1.0.jar;C:\Users\ALLen\.m2\repository\net\java\dev\jna\jna-platform\4.1.0\jna-platform-4.1.0.jar;C:\Users\ALLen\.m2\repository\org\seleniumhq\selenium\selenium-safari-driver\2.53.1\selenium-safari-driver-2.53.1.jar;C:\Users\ALLen\.m2\repository\io\netty\netty\3.5.7.Final\netty-3.5.7.Final.jar;C:\Users\ALLen\.m2\repository\org\seleniumhq\selenium\selenium-support\2.53.1\selenium-support-2.53.1.jar;C:\Users\ALLen\.m2\repository\org\seleniumhq\selenium\selenium-leg-rc\2.53.1\selenium-leg-rc-2.53.1.jar;C:\Users\ALLen\.m2\repository\com\google\code\gson\gson\2.7\gson-2.7.jar;C:\Users\ALLen\.m2\repository\org\apache\httpcomponents\httpclient\4.5.2\httpclient-4.5.2.jar;C:\Users\ALLen\.m2\repository\org\apache\httpcomponents\httpcore\4.4.4\httpcore-4.4.4.jar;C:\Users\ALLen\.m2\repository\commons-codec\commons-codec\1.9\commons-codec-1.9.jar;C:\Users\ALLen\.m2\repository\com\google\guava\guava\19.0\guava-19.0.jar;C:\Users\ALLen\.m2\repository\commons-validator\commons-validator\1.5.1\commons-validator-1.5.1.jar;C:\Users\ALLen\.m2\repository\commons-beanutils\commons-beanutils\1.9.2\commons-beanutils-1.9.2.jar;C:\Users\ALLen\.m2\repository\commons-digester\commons-digester\1.8.1\commons-digester-1.8.1.jar;C:\Users\ALLen\.m2\repository\commons-collections\commons-collections\3.2.2\commons-collections-3.2.2.jar;C:\Users\ALLen\.m2\repository\org\apache\commons\commons-lang3\3.4\commons-lang3-3.4.jar;C:\Users\ALLen\.m2\repository\cglib\cglib-nodep\3.2.4\cglib-nodep-3.2.4.jar;C:\Users\ALLen\.m2\repository\org\aspectj\aspectjweaver\1.8.9\aspectjweaver-1.8.9.jar;C:\Users\ALLen\.m2\repository\org\springframework\spring\2.5.6\spring-2.5.6.jar;C:\Users\ALLen\.m2\repository\commons-logging\commons-logging\1.1.1\commons-logging-1.1.1.jar;C:\Users\ALLen\.m2\repository\org\springframework\spring-web\2.5.6\spring-web-2.5.6.jar;C:\Users\ALLen\.m2\repository\org\springframework\spring-beans\2.5.6\spring-beans-2.5.6.jar;C:\Users\ALLen\.m2\repository\org\springframework\spring-webmvc\2.5.6\spring-webmvc-2.5.6.jar;C:\Users\ALLen\.m2\repository\org\springframework\spring-test\2.5.6\spring-test-2.5.6.jar;C:\Users\ALLen\.m2\repository\org\springframework\spring-core\2.5.6\spring-core-2.5.6.jar;C:\Users\ALLen\.m2\repository\org\springframework\spring-aspects\2.5.6\spring-aspects-2.5.6.jar;C:\Users\ALLen\.m2\repository\org\aspectj\aspectjrt\1.6.1\aspectjrt-1.6.1.jar;C:\Users\ALLen\.m2\repository\org\springframework\spring-context\2.5.6\spring-context-2.5.6.jar;C:\Users\ALLen\.m2\repository\org\springframework\spring-context-support\2.5.6\spring-context-support-2.5.6.jar;C:\Users\ALLen\.m2\repository\org\springframework\spring-jdbc\2.5.6\spring-jdbc-2.5.6.jar;C:\Users\ALLen\.m2\repository\org\springframework\spring-jms\2.5.6\spring-jms-2.5.6.jar;C:\Users\ALLen\.m2\repository\commons-pool\commons-pool\1.3\commons-pool-1.3.jar;C:\Users\ALLen\.m2\repository\org\springframework\spring-orm\2.5.6\spring-orm-2.5.6.jar;C:\Users\ALLen\.m2\repository\org\springframework\spring-tx\2.5.6\spring-tx-2.5.6.jar;C:\Users\ALLen\.m2\repository\org\apache\ant\ant\1.9.4\ant-1.9.4.jar;C:\Users\ALLen\.m2\repository\org\apache\ant\ant-launcher\1.9.4\ant-launcher-1.9.4.jar;C:\Users\ALLen\.m2\repository\javax\mail\mail\1.4.1\mail-1.4.1.jar;C:\Users\ALLen\.m2\repository\javax\activation\activation\1.1\activation-1.1.jar;C:\Users\ALLen\.m2\repository\org\slf4j\slf4j-log4j12\1.7.2\slf4j-log4j12-1.7.2.jar;C:\Users\ALLen\.m2\repository\org\slf4j\slf4j-api\1.7.2\slf4j-api-1.7.2.jar;C:\Users\ALLen\.m2\repository\log4j\log4j\1.2.17\log4j-1.2.17.jar;C:\Users\ALLen\.m2\repository\mysql\mysql-connector-java\5.1.21\mysql-connector-java-5.1.21.jar;C:\Users\ALLen\.m2\repository\org\mybatis\mybatis\3.1.1\mybatis-3.1.1.jar;C:\Users\ALLen\.m2\repository\c3p0\c3p0\0.9.1.2\c3p0-0.9.1.2.jar;C:\Users\ALLen\.m2\repository\org\uncommons\reportng\1.1.4\reportng-1.1.4.jar;C:\Users\ALLen\.m2\repository\velocity\velocity\1.4\velocity-1.4.jar;C:\Users\ALLen\.m2\repository\velocity\velocity-dep\1.4\velocity-dep-1.4.jar;C:\Users\ALLen\.m2\repository\com\alibaba\fastjson\1.2.9\fastjson-1.2.9.jar;C:\Users\ALLen\.m2\repository\net\sourceforge\jexcelapi\jxl\2.6.12\jxl-2.6.12.jar;C:\Users\ALLen\.m2\repository\org\apache\maven\surefire\surefire-testng-utils\2.20.1\surefire-testng-utils-2.20.1.jar;C:\Users\ALLen\.m2\repository\org\apache\maven\surefire\surefire-grouper\2.20.1\surefire-grouper-2.20.1.jar;"/>
    <property name="sun.cpu.endian" value="little"/>
    <property name="user.home" value="C:\Users\ALLen"/>
    <property name="user.language" value="zh"/>
    <property name="java.specification.vendor" value="Oracle Corporation"/>
    <property name="java.home" value="D:\Program Files\Java\jdk1.8.0_101\jre"/>
    <property name="basedir" value="E:\GitHub\hmd\api_web_core"/>
    <property name="file.separator" value="\"/>
    <property name="line.separator" value="&#10;"/>
    <property name="java.vm.specification.vendor" value="Oracle Corporation"/>
    <property name="java.specification.name" value="Java Platform API Specification"/>
    <property name="java.awt.graphicsenv" value="sun.awt.Win32GraphicsEnvironment"/>
    <property name="surefire.real.class.path" value="C:\Users\ALLen\AppData\Local\Temp\surefire271183564295446555\surefirebooter2179581197045079872.jar"/>
    <property name="sun.boot.class.path" value="D:\Program Files\Java\jdk1.8.0_101\jre\lib\resources.jar;D:\Program Files\Java\jdk1.8.0_101\jre\lib\rt.jar;D:\Program Files\Java\jdk1.8.0_101\jre\lib\sunrsasign.jar;D:\Program Files\Java\jdk1.8.0_101\jre\lib\jsse.jar;D:\Program Files\Java\jdk1.8.0_101\jre\lib\jce.jar;D:\Program Files\Java\jdk1.8.0_101\jre\lib\charsets.jar;D:\Program Files\Java\jdk1.8.0_101\jre\lib\jfr.jar;D:\Program Files\Java\jdk1.8.0_101\jre\classes"/>
    <property name="user.script" value=""/>
    <property name="sun.management.compiler" value="HotSpot 64-Bit Tiered Compilers"/>
    <property name="java.runtime.version" value="1.8.0_101-b13"/>
    <property name="user.name" value="ALLen"/>
    <property name="path.separator" value=";"/>
    <property name="os.version" value="6.1"/>
    <property name="java.endorsed.dirs" value="D:\Program Files\Java\jdk1.8.0_101\jre\lib\endorsed"/>
    <property name="java.runtime.name" value="Java(TM) SE Runtime Environment"/>
    <property name="file.encoding" value="UTF8"/>
    <property name="java.vm.name" value="Java HotSpot(TM) 64-Bit Server VM"/>
    <property name="localRepository" value="C:\Users\ALLen\.m2\repository"/>
    <property name="java.vendor.url.bug" value="http://bugreport.sun.com/bugreport/"/>
    <property name="java.io.tmpdir" value="C:\Users\ALLen\AppData\Local\Temp\"/>
    <property name="java.version" value="1.8.0_101"/>
    <property name="user.dir" value="E:\GitHub\hmd\api_web_core"/>
    <property name="os.arch" value="amd64"/>
    <property name="java.vm.specification.name" value="Java Virtual Machine Specification"/>
    <property name="java.awt.printerjob" value="sun.awt.windows.WPrinterJob"/>
    <property name="sun.os.patch.level" value="Service Pack 1"/>
    <property name="idea.version2019.1" value="true"/>
    <property name="java.library.path" value="D:\Program Files\Java\jdk1.8.0_101\jre\bin;C:\Windows\Sun\Java\bin;C:\Windows\system32;C:\Windows;C:\ProgramData\Oracle\Java\javapath;C:\Program Files (x86)\Common Files\NetSarang;C:\Windows\system32;C:\Windows;C:\Windows\System32\Wbem;C:\Windows\System32\WindowsPowerShell\v1.0\;C:\Program Files\Intel\WiFi\bin\;C:\Program Files\Common Files\Intel\WirelessCommon\;C:\Program Files (x86)\ATI Technologies\ATI.ACE\Core-Static;D:\Program Files\IDM Computer Solutions\UltraEdit;D:\Program Files\Java\jdk1.8.0_101\bin;D:\Program Files\Java\jdk1.8.0_101\jre\bin;D:\autoApp\apache-ant-1.9.7-bin\apache-ant-1.9.7\bin;D:\autoApp\sdk\tools;D:\autoApp\sdk\platform-tools;D:\Program Files\Appium\node_modules\.bin;D:\Program Files\nodejs\;D:\Program Files\Git\cmd;D:\Program Files\Git\bin;D:\application\apache-maven-3.6.1\bin\;C:\Program Files\Intel\WiFi\bin\;C:\Program Files\Common Files\Intel\WirelessCommon\;C:\Users\ALLen\AppData\Roaming\npm;D:\application\apache-maven-3.6.1\bin;D:\Program Files\IntelliJ IDEA 2019.1\bin;;."/>
    <property name="java.vm.info" value="mixed mode"/>
    <property name="java.vendor" value="Oracle Corporation"/>
    <property name="java.vm.version" value="25.101-b13"/>
    <property name="java.ext.dirs" value="D:\Program Files\Java\jdk1.8.0_101\jre\lib\ext;C:\Windows\Sun\Java\lib\ext"/>
    <property name="sun.io.unicode.encoding" value="UnicodeLittle"/>
    <property name="java.class.version" value="52.0"/>
  </properties>
  <testcase name="recommendDatalist" classname="test.trade.itemDetails.RecommendDatalistPostTest" time="3.418">
    <failure message="expected [100] but found [200]" type="java.lang.AssertionError">java.lang.AssertionError: expected [100] but found [200]
	at test.trade.itemDetails.RecommendDatalistPostTest.recommendDatalist(RecommendDatalistPostTest.java:39)
</failure>
    <system-out><![CDATA[[2019-08-05 17:25:18 下午]:INFO XmlBeanDefinitionReader - Loading XML bean definitions from class path resource [context/applicationContext.xml]
[2019-08-05 17:25:18 下午]:INFO XmlBeanDefinitionReader - Loading XML bean definitions from class path resource [context/spring-context.xml]
[2019-08-05 17:25:18 下午]:INFO GenericApplicationContext - Refreshing org.springframework.context.support.GenericApplicationContext@12f41634: display name [org.springframework.context.support.GenericApplicationContext@12f41634]; startup date [Mon Aug 05 17:25:18 CST 2019]; root of context hierarchy
[2019-08-05 17:25:18 下午]:INFO GenericApplicationContext - Bean factory for application context [org.springframework.context.support.GenericApplicationContext@12f41634]: org.springframework.beans.factory.support.DefaultListableBeanFactory@75d4a5c2
[2019-08-05 17:25:18 下午]:INFO PropertyPlaceholderConfigurer - Loading properties file from class path resource [properties/env_dir.props]
[2019-08-05 17:25:18 下午]:INFO DefaultListableBeanFactory - Pre-instantiating singletons in org.springframework.beans.factory.support.DefaultListableBeanFactory@75d4a5c2: defining beans [placeholderConfig,httpClientService,excelProviderByTest,org.springframework.context.annotation.internalCommonAnnotationProcessor,org.springframework.context.annotation.internalAutowiredAnnotationProcessor,org.springframework.context.annotation.internalRequiredAnnotationProcessor]; root of factory hierarchy
[2019-08-05 17:25:18 下午]:INFO TestContext - @ContextConfiguration not found for class [class service.impl.HttpClientServiceImpl]
数据驱动url:E:\GitHub\hmd\api_web_core\testdata\uat\RecommendDatalistPostTest.xls
[2019-08-05 17:25:19 下午]:INFO RecommendDatalistPostTest - 接口测试开始...........
[2019-08-05 17:25:19 下午]:INFO RecommendDatalistPostTest - 封装数据
[2019-08-05 17:25:19 下午]:INFO RecommendDatalistPostTest - 发送请求并获得response
[2019-08-05 17:25:22 下午]:INFO HttpClientServiceImpl - code = 200
[2019-08-05 17:25:22 下午]:INFO HttpClientServiceImpl - tempResponseOfPost = {"cost":180,"data":[{"categoryId3":11231,"categoryName3":"电源/信号用电缆","cost":0.0,"fileNameDefault":"Files/Images/Goods/2016-07-22/13/38/5374502576762516206_pic1.jpg","id":100198416,"isNeiCai":0,"isQvDao":0,"isTopBrand":0,"metrics":{"attentionCount":8,"gmv":5565560,"salesCount":2860,"score":0,"visitCount":3610},"name":"爱谱华顿(AIPU)RVV2*2.5 两芯软电线 白色 200m/卷","price":1946.0,"productId":100198416,"selectType":"2"},{"categoryId3":11221,"categoryName3":"六类(CAT6)数据电缆","cost":0.0,"fileNameDefault":"Files/Images/Goods/2016-08-25/18/28/4829299165367234034_pic1.jpg","id":100198675,"isNeiCai":0,"isQvDao":0,"isTopBrand":0,"metrics":{"attentionCount":6,"gmv":13758108,"salesCount":7618,"score":0,"visitCount":6294},"name":"爱谱华顿(AIPU) 六类4对UTP低烟无卤电缆 AP-6-01-WD 305米每箱","price":1806.0,"productId":100198675,"selectType":"2"},{"categoryId3":11231,"categoryName3":"电源/信号用电缆","cost":0.0,"fileNameDefault":"Files/Images/Goods/2016-09-23/11/29/5564046353785577252_pic1.jpg","id":100205034,"isNeiCai":0,"isQvDao":0,"isTopBrand":0,"metrics":{"attentionCount":7,"gmv":37274688,"salesCount":31482,"score":0,"visitCount":4075},"name":"爱谱华顿(AIPU)RVV2*1.5 二芯软电线 黑色 200米/卷","price":1184.0,"productId":100205034,"selectType":"2"},{"categoryId3":11231,"categoryName3":"电源/信号用电缆","cost":0.0,"fileNameDefault":"Files/Images/Goods/2017-04-18/5546849264687963648_pic1.jpg","id":100238017,"isNeiCai":0,"isQvDao":0,"isTopBrand":0,"metrics":{"attentionCount":6,"gmv":11489184,"salesCount":5904,"score":0,"visitCount":3233},"name":"爱谱华顿(AIPU)RVV2*2.5 二芯软电线 黑色 200/卷","price":1946.0,"productId":100238017,"selectType":"2"},{"categoryId3":11231,"categoryName3":"电源/信号用电缆","cost":0.0,"fileNameDefault":"Files/Images/Goods/2016-09-23/11/29/5564046353785577252_pic1.jpg","id":100205035,"isNeiCai":0,"isQvDao":0,"isTopBrand":0,"metrics":{"attentionCount":2,"gmv":15412720,"salesCount":5207,"score":0,"visitCount":1687},"name":"爱谱华顿(AIPU)RVV2*1.5 二芯软电线 黑色 500米/卷","price":2960.0,"productId":100205035,"selectType":"2"}],"dataType":"sku","ext":{"select_strategy":"SelectStrategyStat{strategyName=SelectBySlotSkuSku, resultCount=0, filteredResultCount=0},SelectStrategyStat{strategyName=SelectBySkuAccountSku, resultCount=10000, filteredResultCount=10000}","sort_strategy":"SortStrategyChain{strategyList=gmv:desc>top100random}"},"msg":"success","status":"200","total":5}
[2019-08-05 17:25:22 下午]:INFO RecommendDatalistPostTest - 结果校验
status = 200
]]></system-out>
  </testcase>
  <testcase name="getZBDirectlyMiniShopCart" classname="test.trade.submit.GetZBDirectlyMiniShopCartGetTest" time="2.953"/>
</testsuite>