<?xml version="1.0" encoding="UTF-8"?>
<!-- Generated by org.testng.reporters.JUnitReportReporter -->
<testsuite hostname="ALLen-PC" name="test.trade.itemDetails.RecommendDatalistPostTest" tests="1" failures="0" timestamp="1 Jul 2019 06:42:55 GMT" time="0.742" errors="0">
  <testcase name="recommendDatalist" time="0.742" classname="test.trade.itemDetails.RecommendDatalistPostTest"/>
</testsuite> <!-- test.trade.itemDetails.RecommendDatalistPostTest -->
