<?xml version="1.0" encoding="UTF-8"?>
<!-- Generated by org.testng.reporters.JUnitReportReporter -->
<testsuite hostname="ALLen-PC" name="test.trade.submit.GetZBDirectlyMiniShopCartGetTest" tests="1" failures="0" timestamp="1 Jul 2019 06:42:55 GMT" time="0.453" errors="0">
  <testcase name="getZBDirectlyMiniShopCart" time="0.453" classname="test.trade.submit.GetZBDirectlyMiniShopCartGetTest"/>
</testsuite> <!-- test.trade.submit.GetZBDirectlyMiniShopCartGetTest -->
